{"/Users/huynam/Documents/PROJECT/ci-cd-training/sum.js": {"path":"/Users/huynam/Documents/PROJECT/ci-cd-training/sum.js","statementMap":{"0":{"start":{"line":1,"column":0},"end":{"line":23,"column":1}},"1":{"start":{"line":18,"column":8},"end":{"line":20,"column":9}},"2":{"start":{"line":19,"column":12},"end":{"line":19,"column":56}},"3":{"start":{"line":21,"column":8},"end":{"line":21,"column":20}}},"fnMap":{"0":{"name":"(anonymous_0)","decl":{"start":{"line":17,"column":9},"end":{"line":17,"column":10}},"loc":{"start":{"line":17,"column":19},"end":{"line":22,"column":5}},"line":17}},"branchMap":{"0":{"loc":{"start":{"line":18,"column":8},"end":{"line":20,"column":9}},"type":"if","locations":[{"start":{"line":18,"column":8},"end":{"line":20,"column":9}},{"start":{},"end":{}}],"line":18},"1":{"loc":{"start":{"line":18,"column":12},"end":{"line":18,"column":58}},"type":"binary-expr","locations":[{"start":{"line":18,"column":12},"end":{"line":18,"column":33}},{"start":{"line":18,"column":37},"end":{"line":18,"column":58}}],"line":18}},"s":{"0":1,"1":1,"2":0,"3":1},"f":{"0":1},"b":{"0":[0,1],"1":[1,1]},"_coverageSchema":"1a1c01bbd47fc00a2c39e90264f33305004495a9","hash":"4a58124ba60a831bd9569fb07e1f19806a6645f0"}
}
